2026-05-21 17:24:36,832 root INFO ------------------------------------------------
2026-05-21 17:24:36,832 root INFO Probability Matrix PM_ij of jumping from page j to page i:

2026-05-21 17:27:23,407 root INFO ------------------------------------------------
2026-05-21 17:27:23,407 root INFO Probability Matrix PM_ij of jumping from page j to page i:

2026-05-21 17:27:23,407 root INFO [[0.    0.379 0.071 0.14  0.    0.29  0.    0.067 0.    0.279]
 [0.048 0.    0.    0.07  0.018 0.097 0.086 0.167 0.25  0.07 ]
 [0.048 0.138 0.    0.116 0.036 0.065 0.086 0.233 0.    0.07 ]
 [0.048 0.    0.036 0.    0.607 0.    0.    0.    0.111 0.047]
 [0.119 0.    0.036 0.279 0.    0.226 0.286 0.033 0.222 0.279]
 [0.095 0.    0.179 0.    0.054 0.    0.314 0.167 0.    0.07 ]
 [0.    0.207 0.214 0.116 0.196 0.    0.    0.233 0.    0.   ]
 [0.119 0.345 0.143 0.047 0.018 0.    0.    0.    0.222 0.   ]
 [0.095 0.    0.    0.209 0.054 0.    0.257 0.067 0.    0.209]
 [0.048 0.    0.357 0.07  0.054 0.323 0.114 0.067 0.25  0.   ]]
2026-05-21 17:27:23,410 root INFO ------------------------------------------------
2026-05-21 17:27:23,410 root INFO largest eigen value: 1.0000000000457843
2026-05-21 17:27:23,410 root INFO largest eigen vector (normalized by probability): [0.11260054 0.07774799 0.07506702 0.1152815  0.15013405 0.08310992
 0.09383378 0.08042895 0.09651475 0.1152815 ]
2026-05-21 17:27:23,410 root INFO num iterations for calculation: 23
2026-05-21 17:27:23,410 root INFO ------------------------------------------------
2026-05-21 17:27:23,410 root INFO Pages by rank: [4 9 3 0 8 6 5 7 1 2]
2026-05-21 17:27:34,218 root INFO ------------------------------------------------
2026-05-21 17:27:34,218 root INFO Probability Matrix PM_ij of jumping from page j to page i:

2026-05-21 17:27:34,218 root INFO [[0.    0.379 0.071 0.14  0.    0.29  0.    0.067 0.    0.279]
 [0.048 0.    0.    0.07  0.018 0.097 0.086 0.167 0.25  0.07 ]
 [0.048 0.138 0.    0.116 0.036 0.065 0.086 0.233 0.    0.07 ]
 [0.048 0.    0.036 0.    0.607 0.    0.    0.    0.111 0.047]
 [0.119 0.    0.036 0.279 0.    0.226 0.286 0.033 0.222 0.279]
 [0.095 0.    0.179 0.    0.054 0.    0.314 0.167 0.    0.07 ]
 [0.    0.207 0.214 0.116 0.196 0.    0.    0.233 0.    0.   ]
 [0.119 0.345 0.143 0.047 0.018 0.    0.    0.    0.222 0.   ]
 [0.095 0.    0.    0.209 0.054 0.    0.257 0.067 0.    0.209]
 [0.048 0.    0.357 0.07  0.054 0.323 0.114 0.067 0.25  0.   ]]
2026-05-21 17:27:34,221 root INFO ------------------------------------------------
2026-05-21 17:27:34,221 root INFO largest eigen value: 1.0000000000457843
2026-05-21 17:27:34,222 root INFO largest eigen vector (normalized by probability): [0.11260054 0.07774799 0.07506702 0.1152815  0.15013405 0.08310992
 0.09383378 0.08042895 0.09651475 0.1152815 ]
2026-05-21 17:27:34,222 root INFO num iterations for calculation: 23
2026-05-21 17:27:34,222 root INFO ------------------------------------------------
2026-05-21 17:27:34,222 root INFO Pages by rank: [4 9 3 0 8 6 5 7 1 2]
